Using pre-set license
Built from '2020.2/staging' branch; Version is '2020.2.6f1 (8a2143876886) revision 9052483'; Using compiler version '192528614'; Build Type 'Release'
OS: 'Windows 10 Home Single Language; OS build 18363.1379; Version 1909; 64bit' Language: 'de' Physical Memory: 32714 MB
BatchMode: 1, IsHumanControllingUs: 0, StartBugReporterOnCrash: 0, Is64bit: 1, IsPro: 0

 COMMAND LINE ARGUMENTS:
D:\Unity\2020.2.6f1\Editor\Unity.exe
-adb2
-batchMode
-noUpm
-name
AssetImportWorker0
-projectPath
D:/Unity/TopDownMovement
-logFile
Logs/AssetImportWorker0.log
-srvPort
50406
Successfully changed project path to: D:/Unity/TopDownMovement
D:/Unity/TopDownMovement
Using Asset Import Pipeline V2.
Refreshing native plugins compatible for Editor in 35.90 ms, found 1 plugins.
Preloading 0 native plugins for Editor in 0.00 ms.
Initialize engine version: 2020.2.6f1 (8a2143876886)
[Subsystems] Discovering subsystems at path D:/Unity/2020.2.6f1/Editor/Data/Resources/UnitySubsystems
[Subsystems] Discovering subsystems at path D:/Unity/TopDownMovement/Assets
GfxDevice: creating device client; threaded=0
Direct3D:
    Version:  Direct3D 11.0 [level 11.1]
    Renderer: NVIDIA GeForce RTX 2060 SUPER (ID=0x1f06)
    Vendor:   
    VRAM:     8031 MB
    Driver:   27.21.14.6140
Initialize mono
Mono path[0] = 'D:/Unity/2020.2.6f1/Editor/Data/Managed'
Mono path[1] = 'D:/Unity/2020.2.6f1/Editor/Data/MonoBleedingEdge/lib/mono/unityjit'
Mono config path = 'D:/Unity/2020.2.6f1/Editor/Data/MonoBleedingEdge/etc'
Using monoOptions --debugger-agent=transport=dt_socket,embedding=1,server=y,suspend=n,address=127.0.0.1:56296
Begin MonoManager ReloadAssembly
Registering precompiled unity dll's ...
Register platform support module: D:/Unity/2020.2.6f1/Editor/Data/PlaybackEngines/WebGLSupport/UnityEditor.WebGL.Extensions.dll
Register platform support module: D:/Unity/2020.2.6f1/Editor/Data/PlaybackEngines/WindowsStandaloneSupport/UnityEditor.WindowsStandalone.Extensions.dll
Registered in 0.000908 seconds.
Native extension for WindowsStandalone target not found
Native extension for WebGL target not found
Refreshing native plugins compatible for Editor in 36.01 ms, found 1 plugins.
Preloading 0 native plugins for Editor in 0.00 ms.
Invoked RoslynAnalysisRunner static constructor.
RoslynAnalysisRunner will not be running.
RoslynAnalysisRunner has terminated.
Mono: successfully reloaded assembly
- Completed reload, in  0.813 seconds
Platform modules already initialized, skipping
Registering precompiled user dll's ...
Registered in 0.000577 seconds.
Begin MonoManager ReloadAssembly
Native extension for WindowsStandalone target not found
Native extension for WebGL target not found
Refreshing native plugins compatible for Editor in 36.16 ms, found 1 plugins.
Preloading 0 native plugins for Editor in 0.00 ms.
Invoked RoslynAnalysisRunner static constructor.
RoslynAnalysisRunner will not be running.
RoslynAnalysisRunner has terminated.
Mono: successfully reloaded assembly
- Completed reload, in  0.813 seconds
Platform modules already initialized, skipping
========================================================================
Worker process is ready to serve import requests
Launched and connected shader compiler UnityShaderCompiler.exe after 0.04 seconds
Refreshing native plugins compatible for Editor in 0.44 ms, found 1 plugins.
Preloading 0 native plugins for Editor in 0.00 ms.
Unloading 2092 Unused Serialized files (Serialized files now loaded: 0)
System memory in use before: 95.0 MB.
System memory in use after: 95.1 MB.

Unloading 21 unused Assets to reduce memory usage. Loaded Objects now: 2540.
Total: 2.010400 ms (FindLiveObjects: 0.234600 ms CreateObjectMapping: 0.046100 ms MarkObjects: 1.666800 ms  DeleteObjects: 0.062100 ms)

========================================================================
Received Import Request.
  path: Assets/Sprites/spritesheet_characters.png
  artifactKey: Guid(4090650e63ae561468e32bb243e4e861) Importer(815301076,1909f56bfc062723c751e8b465ee728b)
Start importing Assets/Sprites/spritesheet_characters.png using Guid(4090650e63ae561468e32bb243e4e861) Importer(815301076,1909f56bfc062723c751e8b465ee728b)  -> (artifact id: '9e42662c0f9a1c9d07960b43af5e85d0') in 0.125633 seconds
  Import took 0.129371 seconds .

========================================================================
Received Import Request.
  Time since last request: 5.626145 seconds.
  path: Assets/Sprites/spritesheet_characters.png
  artifactKey: Guid(4090650e63ae561468e32bb243e4e861) Importer(815301076,1909f56bfc062723c751e8b465ee728b)
Start importing Assets/Sprites/spritesheet_characters.png using Guid(4090650e63ae561468e32bb243e4e861) Importer(815301076,1909f56bfc062723c751e8b465ee728b)  -> (artifact id: '3aba0f8417efb3703ac75ac6c1d406eb') in 0.010362 seconds
  Import took 0.013455 seconds .

========================================================================
Received Import Request.
  Time since last request: 1.339336 seconds.
  path: Assets/Sprites/spritesheet_tiles.png
  artifactKey: Guid(8a679ca90b5cbdf43b0478211c070bdd) Importer(815301076,1909f56bfc062723c751e8b465ee728b)
Start importing Assets/Sprites/spritesheet_tiles.png using Guid(8a679ca90b5cbdf43b0478211c070bdd) Importer(815301076,1909f56bfc062723c751e8b465ee728b)  -> (artifact id: 'fa5091d70b895d66b16f0e0d1988352e') in 0.036841 seconds
  Import took 0.039981 seconds .

========================================================================
Received Import Request.
  Time since last request: 4.584616 seconds.
  path: Assets/Sprites/spritesheet_tiles.png
  artifactKey: Guid(8a679ca90b5cbdf43b0478211c070bdd) Importer(815301076,1909f56bfc062723c751e8b465ee728b)
Start importing Assets/Sprites/spritesheet_tiles.png using Guid(8a679ca90b5cbdf43b0478211c070bdd) Importer(815301076,1909f56bfc062723c751e8b465ee728b)  -> (artifact id: '29007eec56b4fcd95fe9cfa0db318d1f') in 0.014154 seconds
  Import took 0.017658 seconds .

========================================================================
Received Import Request.
  Time since last request: 0.005341 seconds.
  path: Assets/Sprites/spritesheet_tiles.png
  artifactKey: Guid(8a679ca90b5cbdf43b0478211c070bdd) Importer(815301076,1909f56bfc062723c751e8b465ee728b)
Start importing Assets/Sprites/spritesheet_tiles.png using Guid(8a679ca90b5cbdf43b0478211c070bdd) Importer(815301076,1909f56bfc062723c751e8b465ee728b)  -> (artifact id: '29007eec56b4fcd95fe9cfa0db318d1f') in 0.012795 seconds
  Import took 0.015692 seconds .

========================================================================
Received Import Request.
  Time since last request: 112.434135 seconds.
  path: Assets/Sprites/spritesheet_tiles.png
  artifactKey: Guid(8a679ca90b5cbdf43b0478211c070bdd) Importer(815301076,1909f56bfc062723c751e8b465ee728b)
Start importing Assets/Sprites/spritesheet_tiles.png using Guid(8a679ca90b5cbdf43b0478211c070bdd) Importer(815301076,1909f56bfc062723c751e8b465ee728b)  -> (artifact id: '2973ce3a025dab0e1942865117cfda4e') in 0.519017 seconds
  Import took 0.523927 seconds .

========================================================================
Received Import Request.
  Time since last request: 37.590765 seconds.
  path: Assets/Sprites/zoimbie1_hold.png
  artifactKey: Guid(bec9db5a943c90043aa9de7d47791160) Importer(815301076,1909f56bfc062723c751e8b465ee728b)
Start importing Assets/Sprites/zoimbie1_hold.png using Guid(bec9db5a943c90043aa9de7d47791160) Importer(815301076,1909f56bfc062723c751e8b465ee728b)  -> (artifact id: 'db330befb724f4ab212eb62aa8a60b68') in 0.015011 seconds
  Import took 0.018234 seconds .

========================================================================
Received Import Request.
  Time since last request: 115.903561 seconds.
  path: Assets/Sprites/spritesheet_tiles.png
  artifactKey: Guid(8a679ca90b5cbdf43b0478211c070bdd) Importer(815301076,1909f56bfc062723c751e8b465ee728b)
Start importing Assets/Sprites/spritesheet_tiles.png using Guid(8a679ca90b5cbdf43b0478211c070bdd) Importer(815301076,1909f56bfc062723c751e8b465ee728b)  -> (artifact id: '845a029484281ef893dc3b6cf0d8a3ad') in 0.509376 seconds
  Import took 0.514304 seconds .

========================================================================
Received Import Request.
  Time since last request: 8.142339 seconds.
  path: Assets/Sprites/spritesheet_tiles.png
  artifactKey: Guid(8a679ca90b5cbdf43b0478211c070bdd) Importer(815301076,1909f56bfc062723c751e8b465ee728b)
Start importing Assets/Sprites/spritesheet_tiles.png using Guid(8a679ca90b5cbdf43b0478211c070bdd) Importer(815301076,1909f56bfc062723c751e8b465ee728b)  -> (artifact id: '771fe45d33470e6b1833257bc827b032') in 0.508110 seconds
  Import took 0.513222 seconds .

========================================================================
Received Import Request.
  Time since last request: 7.349990 seconds.
  path: Assets/Sprites/spritesheet_tiles.png
  artifactKey: Guid(8a679ca90b5cbdf43b0478211c070bdd) Importer(815301076,1909f56bfc062723c751e8b465ee728b)
Start importing Assets/Sprites/spritesheet_tiles.png using Guid(8a679ca90b5cbdf43b0478211c070bdd) Importer(815301076,1909f56bfc062723c751e8b465ee728b)  -> (artifact id: 'bf6eae44ec5cf4906fd42789bd471180') in 0.504139 seconds
  Import took 0.509195 seconds .

========================================================================
Received Import Request.
  Time since last request: 641.473809 seconds.
  path: Assets/Sprites/zoimbie1_hold.png
  artifactKey: Guid(bec9db5a943c90043aa9de7d47791160) Importer(815301076,1909f56bfc062723c751e8b465ee728b)
Start importing Assets/Sprites/zoimbie1_hold.png using Guid(bec9db5a943c90043aa9de7d47791160) Importer(815301076,1909f56bfc062723c751e8b465ee728b)  -> (artifact id: 'a6dd98499dc24b0677757a3724e510e5') in 0.005995 seconds
  Import took 0.009386 seconds .

========================================================================
Received Import Request.
  Time since last request: 3.876551 seconds.
  path: Assets/Sprites/zoimbie1_hold.png
  artifactKey: Guid(bec9db5a943c90043aa9de7d47791160) Importer(815301076,1909f56bfc062723c751e8b465ee728b)
Start importing Assets/Sprites/zoimbie1_hold.png using Guid(bec9db5a943c90043aa9de7d47791160) Importer(815301076,1909f56bfc062723c751e8b465ee728b)  -> (artifact id: 'de6af46d020d5d18abd7a2b687d1df78') in 0.005556 seconds
  Import took 0.008706 seconds .

========================================================================
Received Import Request.
  Time since last request: 5.725353 seconds.
  path: Assets/Sprites/zoimbie1_hold.png
  artifactKey: Guid(bec9db5a943c90043aa9de7d47791160) Importer(815301076,1909f56bfc062723c751e8b465ee728b)
Start importing Assets/Sprites/zoimbie1_hold.png using Guid(bec9db5a943c90043aa9de7d47791160) Importer(815301076,1909f56bfc062723c751e8b465ee728b)  -> (artifact id: 'b7eedca2b2ee63aebf0c49b60cf0ed49') in 0.005626 seconds
  Import took 0.008642 seconds .

========================================================================
Received Prepare
Registering precompiled user dll's ...
Registered in 0.000754 seconds.
Begin MonoManager ReloadAssembly
Native extension for WindowsStandalone target not found
Native extension for WebGL target not found
Refreshing native plugins compatible for Editor in 0.51 ms, found 1 plugins.
Preloading 0 native plugins for Editor in 0.00 ms.
Invoked RoslynAnalysisRunner static constructor.
RoslynAnalysisRunner will not be running.
RoslynAnalysisRunner has terminated.
Mono: successfully reloaded assembly
- Completed reload, in  0.741 seconds
Platform modules already initialized, skipping
Refreshing native plugins compatible for Editor in 0.46 ms, found 1 plugins.
Preloading 0 native plugins for Editor in 0.00 ms.
Unloading 2082 Unused Serialized files (Serialized files now loaded: 0)
System memory in use before: 98.1 MB.
System memory in use after: 98.3 MB.

Unloading 7 unused Assets to reduce memory usage. Loaded Objects now: 2555.
Total: 2.068900 ms (FindLiveObjects: 0.233700 ms CreateObjectMapping: 0.048900 ms MarkObjects: 1.767500 ms  DeleteObjects: 0.017400 ms)

========================================================================
Received Prepare
Registering precompiled user dll's ...
Registered in 0.000746 seconds.
Begin MonoManager ReloadAssembly
Native extension for WindowsStandalone target not found
Native extension for WebGL target not found
Refreshing native plugins compatible for Editor in 33.00 ms, found 1 plugins.
Preloading 0 native plugins for Editor in 0.00 ms.
Invoked RoslynAnalysisRunner static constructor.
RoslynAnalysisRunner will not be running.
RoslynAnalysisRunner has terminated.
Mono: successfully reloaded assembly
- Completed reload, in  0.713 seconds
Platform modules already initialized, skipping
Refreshing native plugins compatible for Editor in 0.45 ms, found 1 plugins.
Preloading 0 native plugins for Editor in 0.00 ms.
Unloading 1786 Unused Serialized files (Serialized files now loaded: 0)
System memory in use before: 92.0 MB.
System memory in use after: 92.1 MB.

Unloading 301 unused Assets to reduce memory usage. Loaded Objects now: 2264.
Total: 1.970000 ms (FindLiveObjects: 0.205800 ms CreateObjectMapping: 0.044900 ms MarkObjects: 1.637800 ms  DeleteObjects: 0.080000 ms)

========================================================================
Received Prepare
Registering precompiled user dll's ...
Registered in 0.000718 seconds.
Begin MonoManager ReloadAssembly
Native extension for WindowsStandalone target not found
Native extension for WebGL target not found
Refreshing native plugins compatible for Editor in 38.80 ms, found 1 plugins.
Preloading 0 native plugins for Editor in 0.00 ms.
Invoked RoslynAnalysisRunner static constructor.
RoslynAnalysisRunner will not be running.
RoslynAnalysisRunner has terminated.
Mono: successfully reloaded assembly
- Completed reload, in  0.765 seconds
Platform modules already initialized, skipping
Refreshing native plugins compatible for Editor in 0.47 ms, found 1 plugins.
Preloading 0 native plugins for Editor in 0.00 ms.
Unloading 2082 Unused Serialized files (Serialized files now loaded: 0)
System memory in use before: 98.2 MB.
System memory in use after: 98.3 MB.

Unloading 7 unused Assets to reduce memory usage. Loaded Objects now: 2561.
Total: 2.229000 ms (FindLiveObjects: 0.220100 ms CreateObjectMapping: 0.046500 ms MarkObjects: 1.943400 ms  DeleteObjects: 0.018000 ms)

========================================================================
Received Import Request.
  Time since last request: 284.913151 seconds.
  path: Assets/Inputs
  artifactKey: Guid(b7f2c32fab42842448595d79226a3bd8) Importer(815301076,1909f56bfc062723c751e8b465ee728b)
Start importing Assets/Inputs using Guid(b7f2c32fab42842448595d79226a3bd8) Importer(815301076,1909f56bfc062723c751e8b465ee728b)  -> (artifact id: '4ee7c2697ca8bc011183f9c58ceb148f') in 0.007705 seconds
  Import took 0.010872 seconds .

========================================================================
Received Import Request.
  Time since last request: 11.799502 seconds.
  path: Assets/Inputs/PlayerInput.inputactions
  artifactKey: Guid(765848b61c92b8147ab89b1f8f9a126c) Importer(815301076,1909f56bfc062723c751e8b465ee728b)
Start importing Assets/Inputs/PlayerInput.inputactions using Guid(765848b61c92b8147ab89b1f8f9a126c) Importer(815301076,1909f56bfc062723c751e8b465ee728b)  -> (artifact id: '54c00f1184a1652a9470eb540ab023cc') in 0.018661 seconds
  Import took 0.022226 seconds .

========================================================================
Received Import Request.
  Time since last request: 54.705705 seconds.
  path: Assets/Inputs/PlayerInput.inputactions
  artifactKey: Guid(765848b61c92b8147ab89b1f8f9a126c) Importer(815301076,1909f56bfc062723c751e8b465ee728b)
Start importing Assets/Inputs/PlayerInput.inputactions using Guid(765848b61c92b8147ab89b1f8f9a126c) Importer(815301076,1909f56bfc062723c751e8b465ee728b)  -> (artifact id: '85964b945f028d194a91878712c10c3f') in 0.003826 seconds
  Import took 0.006855 seconds .

========================================================================
Received Import Request.
  Time since last request: 30.779998 seconds.
  path: Assets/Inputs/PlayerInput.inputactions
  artifactKey: Guid(765848b61c92b8147ab89b1f8f9a126c) Importer(815301076,1909f56bfc062723c751e8b465ee728b)
Start importing Assets/Inputs/PlayerInput.inputactions using Guid(765848b61c92b8147ab89b1f8f9a126c) Importer(815301076,1909f56bfc062723c751e8b465ee728b)  -> (artifact id: '4be58c3ed99b1ee1699a447030f6be06') in 0.002585 seconds
  Import took 0.006237 seconds .

========================================================================
Received Prepare
Registering precompiled user dll's ...
Registered in 0.000745 seconds.
Begin MonoManager ReloadAssembly
Native extension for WindowsStandalone target not found
Native extension for WebGL target not found
Refreshing native plugins compatible for Editor in 0.50 ms, found 1 plugins.
Preloading 0 native plugins for Editor in 0.00 ms.
Invoked RoslynAnalysisRunner static constructor.
RoslynAnalysisRunner will not be running.
RoslynAnalysisRunner has terminated.
Mono: successfully reloaded assembly
- Completed reload, in  0.729 seconds
Platform modules already initialized, skipping
Refreshing native plugins compatible for Editor in 0.44 ms, found 1 plugins.
Preloading 0 native plugins for Editor in 0.00 ms.
Unloading 2083 Unused Serialized files (Serialized files now loaded: 0)
System memory in use before: 98.3 MB.
System memory in use after: 98.4 MB.

Unloading 7 unused Assets to reduce memory usage. Loaded Objects now: 2565.
Total: 1.981100 ms (FindLiveObjects: 0.241100 ms CreateObjectMapping: 0.047300 ms MarkObjects: 1.675800 ms  DeleteObjects: 0.015700 ms)

========================================================================
Received Import Request.
  Time since last request: 21.425870 seconds.
  path: Assets/Scripts/PlayerInput.cs
  artifactKey: Guid(97b8cbb8dd3f11d40ae237b967235bd3) Importer(815301076,1909f56bfc062723c751e8b465ee728b)
Start importing Assets/Scripts/PlayerInput.cs using Guid(97b8cbb8dd3f11d40ae237b967235bd3) Importer(815301076,1909f56bfc062723c751e8b465ee728b)  -> (artifact id: '2546cd2efb7b4b0a1ebfa6e9aa291f55') in 0.012847 seconds
  Import took 0.015908 seconds .

========================================================================
Received Import Request.
  Time since last request: 0.015734 seconds.
  path: Assets/Scripts/PlayerInput.cs
  artifactKey: Guid(97b8cbb8dd3f11d40ae237b967235bd3) Importer(815301076,1909f56bfc062723c751e8b465ee728b)
Start importing Assets/Scripts/PlayerInput.cs using Guid(97b8cbb8dd3f11d40ae237b967235bd3) Importer(815301076,1909f56bfc062723c751e8b465ee728b)  -> (artifact id: '2546cd2efb7b4b0a1ebfa6e9aa291f55') in 0.001641 seconds
  Import took 0.004718 seconds .

========================================================================
Received Import Request.
  Time since last request: 31.676952 seconds.
  path: Assets/Scripts
  artifactKey: Guid(972e750068972d54783de719bd0a74a7) Importer(815301076,1909f56bfc062723c751e8b465ee728b)
Start importing Assets/Scripts using Guid(972e750068972d54783de719bd0a74a7) Importer(815301076,1909f56bfc062723c751e8b465ee728b)  -> (artifact id: '449864199644961f8b55074b1971cee9') in 0.005000 seconds
  Import took 0.008261 seconds .

========================================================================
Received Import Request.
  Time since last request: 7.493910 seconds.
  path: Assets/Scripts/PlayerMovement.cs
  artifactKey: Guid(f81f22d7d2d2ed841b035cefe11bfb0f) Importer(815301076,1909f56bfc062723c751e8b465ee728b)
Start importing Assets/Scripts/PlayerMovement.cs using Guid(f81f22d7d2d2ed841b035cefe11bfb0f) Importer(815301076,1909f56bfc062723c751e8b465ee728b)  -> (artifact id: '49304c80d732e9ea48d08642af563b42') in 0.005183 seconds
  Import took 0.008284 seconds .

========================================================================
Received Prepare
Registering precompiled user dll's ...
Registered in 0.000701 seconds.
Begin MonoManager ReloadAssembly
Native extension for WindowsStandalone target not found
Native extension for WebGL target not found
Refreshing native plugins compatible for Editor in 0.47 ms, found 1 plugins.
Preloading 0 native plugins for Editor in 0.00 ms.
Invoked RoslynAnalysisRunner static constructor.
RoslynAnalysisRunner will not be running.
RoslynAnalysisRunner has terminated.
Mono: successfully reloaded assembly
- Completed reload, in  0.721 seconds
Platform modules already initialized, skipping
Refreshing native plugins compatible for Editor in 0.50 ms, found 1 plugins.
Preloading 0 native plugins for Editor in 0.00 ms.
Unloading 2084 Unused Serialized files (Serialized files now loaded: 0)
System memory in use before: 98.3 MB.
System memory in use after: 98.4 MB.

Unloading 7 unused Assets to reduce memory usage. Loaded Objects now: 2569.
Total: 2.243800 ms (FindLiveObjects: 0.219600 ms CreateObjectMapping: 0.047000 ms MarkObjects: 1.958000 ms  DeleteObjects: 0.018000 ms)

========================================================================
Received Prepare
Registering precompiled user dll's ...
Registered in 0.000776 seconds.
Begin MonoManager ReloadAssembly
Native extension for WindowsStandalone target not found
Native extension for WebGL target not found
Refreshing native plugins compatible for Editor in 0.45 ms, found 1 plugins.
Preloading 0 native plugins for Editor in 0.00 ms.
Invoked RoslynAnalysisRunner static constructor.
RoslynAnalysisRunner will not be running.
RoslynAnalysisRunner has terminated.
Mono: successfully reloaded assembly
- Completed reload, in  0.715 seconds
Platform modules already initialized, skipping
Refreshing native plugins compatible for Editor in 0.49 ms, found 1 plugins.
Preloading 0 native plugins for Editor in 0.00 ms.
Unloading 2084 Unused Serialized files (Serialized files now loaded: 0)
System memory in use before: 98.3 MB.
System memory in use after: 98.4 MB.

Unloading 7 unused Assets to reduce memory usage. Loaded Objects now: 2572.
Total: 2.310200 ms (FindLiveObjects: 0.250600 ms CreateObjectMapping: 0.047100 ms MarkObjects: 1.996600 ms  DeleteObjects: 0.014800 ms)

========================================================================
Received Import Request.
  Time since last request: 280.242026 seconds.
  path: Assets/Scripts/PlayerMovement.cs
  artifactKey: Guid(f81f22d7d2d2ed841b035cefe11bfb0f) Importer(815301076,1909f56bfc062723c751e8b465ee728b)
Start importing Assets/Scripts/PlayerMovement.cs using Guid(f81f22d7d2d2ed841b035cefe11bfb0f) Importer(815301076,1909f56bfc062723c751e8b465ee728b)  -> (artifact id: 'a3829f4d8022caaed399983e9997ec5e') in 0.004901 seconds
  Import took 0.008010 seconds .

========================================================================
Received Prepare
Registering precompiled user dll's ...
Registered in 0.000812 seconds.
Begin MonoManager ReloadAssembly
Native extension for WindowsStandalone target not found
Native extension for WebGL target not found
Refreshing native plugins compatible for Editor in 0.48 ms, found 1 plugins.
Preloading 0 native plugins for Editor in 0.00 ms.
Invoked RoslynAnalysisRunner static constructor.
RoslynAnalysisRunner will not be running.
RoslynAnalysisRunner has terminated.
Mono: successfully reloaded assembly
- Completed reload, in  0.726 seconds
Platform modules already initialized, skipping
Refreshing native plugins compatible for Editor in 0.51 ms, found 1 plugins.
Preloading 0 native plugins for Editor in 0.00 ms.
Unloading 2084 Unused Serialized files (Serialized files now loaded: 0)
System memory in use before: 98.3 MB.
System memory in use after: 98.4 MB.

Unloading 7 unused Assets to reduce memory usage. Loaded Objects now: 2575.
Total: 2.209000 ms (FindLiveObjects: 0.212300 ms CreateObjectMapping: 0.046300 ms MarkObjects: 1.931900 ms  DeleteObjects: 0.017500 ms)

========================================================================
Received Prepare
Registering precompiled user dll's ...
Registered in 0.000727 seconds.
Begin MonoManager ReloadAssembly
Native extension for WindowsStandalone target not found
Native extension for WebGL target not found
Refreshing native plugins compatible for Editor in 0.56 ms, found 1 plugins.
Preloading 0 native plugins for Editor in 0.00 ms.
Invoked RoslynAnalysisRunner static constructor.
RoslynAnalysisRunner will not be running.
RoslynAnalysisRunner has terminated.
Mono: successfully reloaded assembly
- Completed reload, in  0.725 seconds
Platform modules already initialized, skipping
Refreshing native plugins compatible for Editor in 0.43 ms, found 1 plugins.
Preloading 0 native plugins for Editor in 0.00 ms.
Unloading 2084 Unused Serialized files (Serialized files now loaded: 0)
System memory in use before: 98.3 MB.
System memory in use after: 98.5 MB.

Unloading 7 unused Assets to reduce memory usage. Loaded Objects now: 2578.
Total: 1.895500 ms (FindLiveObjects: 0.239100 ms CreateObjectMapping: 0.045500 ms MarkObjects: 1.596700 ms  DeleteObjects: 0.013300 ms)

========================================================================
Received Prepare
Registering precompiled user dll's ...
Registered in 0.000795 seconds.
Begin MonoManager ReloadAssembly
Native extension for WindowsStandalone target not found
Native extension for WebGL target not found
Refreshing native plugins compatible for Editor in 0.46 ms, found 1 plugins.
Preloading 0 native plugins for Editor in 0.00 ms.
Invoked RoslynAnalysisRunner static constructor.
RoslynAnalysisRunner will not be running.
RoslynAnalysisRunner has terminated.
Mono: successfully reloaded assembly
- Completed reload, in  0.713 seconds
Platform modules already initialized, skipping
Refreshing native plugins compatible for Editor in 0.75 ms, found 1 plugins.
Preloading 0 native plugins for Editor in 0.00 ms.
Unloading 2084 Unused Serialized files (Serialized files now loaded: 0)
System memory in use before: 98.3 MB.
System memory in use after: 98.5 MB.

Unloading 7 unused Assets to reduce memory usage. Loaded Objects now: 2581.
Total: 2.490700 ms (FindLiveObjects: 0.215600 ms CreateObjectMapping: 0.048700 ms MarkObjects: 2.207100 ms  DeleteObjects: 0.017700 ms)

========================================================================
Received Prepare
Registering precompiled user dll's ...
Registered in 0.000763 seconds.
Begin MonoManager ReloadAssembly
Native extension for WindowsStandalone target not found
Native extension for WebGL target not found
Refreshing native plugins compatible for Editor in 0.47 ms, found 1 plugins.
Preloading 0 native plugins for Editor in 0.00 ms.
Invoked RoslynAnalysisRunner static constructor.
RoslynAnalysisRunner will not be running.
RoslynAnalysisRunner has terminated.
Mono: successfully reloaded assembly
- Completed reload, in  0.723 seconds
Platform modules already initialized, skipping
Refreshing native plugins compatible for Editor in 0.45 ms, found 1 plugins.
Preloading 0 native plugins for Editor in 0.00 ms.
Unloading 2084 Unused Serialized files (Serialized files now loaded: 0)
System memory in use before: 98.3 MB.
System memory in use after: 98.5 MB.

Unloading 7 unused Assets to reduce memory usage. Loaded Objects now: 2584.
Total: 2.224000 ms (FindLiveObjects: 0.313400 ms CreateObjectMapping: 0.051600 ms MarkObjects: 1.838800 ms  DeleteObjects: 0.019300 ms)

========================================================================
Received Prepare
Registering precompiled user dll's ...
Registered in 0.000755 seconds.
Begin MonoManager ReloadAssembly
Native extension for WindowsStandalone target not found
Native extension for WebGL target not found
Refreshing native plugins compatible for Editor in 0.48 ms, found 1 plugins.
Preloading 0 native plugins for Editor in 0.00 ms.
Invoked RoslynAnalysisRunner static constructor.
RoslynAnalysisRunner will not be running.
RoslynAnalysisRunner has terminated.
Mono: successfully reloaded assembly
- Completed reload, in  0.767 seconds
Platform modules already initialized, skipping
Refreshing native plugins compatible for Editor in 0.45 ms, found 1 plugins.
Preloading 0 native plugins for Editor in 0.00 ms.
Unloading 2084 Unused Serialized files (Serialized files now loaded: 0)
System memory in use before: 98.4 MB.
System memory in use after: 98.5 MB.

Unloading 7 unused Assets to reduce memory usage. Loaded Objects now: 2587.
Total: 2.093600 ms (FindLiveObjects: 0.222200 ms CreateObjectMapping: 0.050800 ms MarkObjects: 1.801700 ms  DeleteObjects: 0.017700 ms)

========================================================================
Received Import Request.
  Time since last request: 202.787980 seconds.
  path: Assets/Inputs/PlayerInput.inputactions
  artifactKey: Guid(765848b61c92b8147ab89b1f8f9a126c) Importer(815301076,1909f56bfc062723c751e8b465ee728b)
Start importing Assets/Inputs/PlayerInput.inputactions using Guid(765848b61c92b8147ab89b1f8f9a126c) Importer(815301076,1909f56bfc062723c751e8b465ee728b)  -> (artifact id: 'b9a350d78e74d2139b55c0dea4bf3a5a') in 0.019338 seconds
  Import took 0.022434 seconds .

========================================================================
Received Prepare
Registering precompiled user dll's ...
Registered in 0.000752 seconds.
Begin MonoManager ReloadAssembly
Native extension for WindowsStandalone target not found
Native extension for WebGL target not found
Refreshing native plugins compatible for Editor in 0.46 ms, found 1 plugins.
Preloading 0 native plugins for Editor in 0.00 ms.
Invoked RoslynAnalysisRunner static constructor.
RoslynAnalysisRunner will not be running.
RoslynAnalysisRunner has terminated.
Mono: successfully reloaded assembly
- Completed reload, in  0.714 seconds
Platform modules already initialized, skipping
Refreshing native plugins compatible for Editor in 0.50 ms, found 1 plugins.
Preloading 0 native plugins for Editor in 0.00 ms.
Unloading 2084 Unused Serialized files (Serialized files now loaded: 0)
System memory in use before: 98.4 MB.
System memory in use after: 98.5 MB.

Unloading 7 unused Assets to reduce memory usage. Loaded Objects now: 2590.
Total: 2.238200 ms (FindLiveObjects: 0.416400 ms CreateObjectMapping: 0.048800 ms MarkObjects: 1.757200 ms  DeleteObjects: 0.014400 ms)

========================================================================
Received Prepare
Registering precompiled user dll's ...
Registered in 0.028685 seconds.
Begin MonoManager ReloadAssembly
Native extension for WindowsStandalone target not found
Native extension for WebGL target not found
Refreshing native plugins compatible for Editor in 0.46 ms, found 1 plugins.
Preloading 0 native plugins for Editor in 0.00 ms.
Invoked RoslynAnalysisRunner static constructor.
RoslynAnalysisRunner will not be running.
RoslynAnalysisRunner has terminated.
Mono: successfully reloaded assembly
- Completed reload, in  0.813 seconds
Platform modules already initialized, skipping
Refreshing native plugins compatible for Editor in 0.47 ms, found 1 plugins.
Preloading 0 native plugins for Editor in 0.00 ms.
Unloading 2084 Unused Serialized files (Serialized files now loaded: 0)
System memory in use before: 98.4 MB.
System memory in use after: 98.5 MB.

Unloading 7 unused Assets to reduce memory usage. Loaded Objects now: 2593.
Total: 2.044900 ms (FindLiveObjects: 0.216000 ms CreateObjectMapping: 0.047200 ms MarkObjects: 1.764200 ms  DeleteObjects: 0.016100 ms)

========================================================================
Received Prepare
Registering precompiled user dll's ...
Registered in 0.000700 seconds.
Begin MonoManager ReloadAssembly
Native extension for WindowsStandalone target not found
Native extension for WebGL target not found
Refreshing native plugins compatible for Editor in 0.49 ms, found 1 plugins.
Preloading 0 native plugins for Editor in 0.00 ms.
Invoked RoslynAnalysisRunner static constructor.
RoslynAnalysisRunner will not be running.
RoslynAnalysisRunner has terminated.
Mono: successfully reloaded assembly
- Completed reload, in  0.715 seconds
Platform modules already initialized, skipping
Refreshing native plugins compatible for Editor in 0.44 ms, found 1 plugins.
Preloading 0 native plugins for Editor in 0.00 ms.
Unloading 2084 Unused Serialized files (Serialized files now loaded: 0)
System memory in use before: 98.4 MB.
System memory in use after: 98.5 MB.

Unloading 7 unused Assets to reduce memory usage. Loaded Objects now: 2596.
Total: 2.151800 ms (FindLiveObjects: 0.213600 ms CreateObjectMapping: 0.045800 ms MarkObjects: 1.874200 ms  DeleteObjects: 0.017200 ms)

========================================================================
Received Prepare
Registering precompiled user dll's ...
Registered in 0.000757 seconds.
Begin MonoManager ReloadAssembly
Native extension for WindowsStandalone target not found
Native extension for WebGL target not found
Refreshing native plugins compatible for Editor in 0.47 ms, found 1 plugins.
Preloading 0 native plugins for Editor in 0.00 ms.
Invoked RoslynAnalysisRunner static constructor.
RoslynAnalysisRunner will not be running.
RoslynAnalysisRunner has terminated.
Mono: successfully reloaded assembly
- Completed reload, in  0.721 seconds
Platform modules already initialized, skipping
Refreshing native plugins compatible for Editor in 0.90 ms, found 1 plugins.
Preloading 0 native plugins for Editor in 0.00 ms.
Unloading 2084 Unused Serialized files (Serialized files now loaded: 0)
System memory in use before: 98.4 MB.
System memory in use after: 98.5 MB.

Unloading 7 unused Assets to reduce memory usage. Loaded Objects now: 2599.
Total: 2.206100 ms (FindLiveObjects: 0.369300 ms CreateObjectMapping: 0.052400 ms MarkObjects: 1.767800 ms  DeleteObjects: 0.015500 ms)

========================================================================
Received Prepare
Registering precompiled user dll's ...
Registered in 0.000950 seconds.
Begin MonoManager ReloadAssembly
Native extension for WindowsStandalone target not found
Native extension for WebGL target not found
Refreshing native plugins compatible for Editor in 0.51 ms, found 1 plugins.
Preloading 0 native plugins for Editor in 0.00 ms.
Invoked RoslynAnalysisRunner static constructor.
RoslynAnalysisRunner will not be running.
RoslynAnalysisRunner has terminated.
Mono: successfully reloaded assembly
- Completed reload, in  0.722 seconds
Platform modules already initialized, skipping
Refreshing native plugins compatible for Editor in 0.45 ms, found 1 plugins.
Preloading 0 native plugins for Editor in 0.00 ms.
Unloading 2084 Unused Serialized files (Serialized files now loaded: 0)
System memory in use before: 98.4 MB.
System memory in use after: 98.5 MB.

Unloading 7 unused Assets to reduce memory usage. Loaded Objects now: 2602.
Total: 2.025200 ms (FindLiveObjects: 0.213900 ms CreateObjectMapping: 0.047100 ms MarkObjects: 1.743800 ms  DeleteObjects: 0.019200 ms)

========================================================================
Received Prepare
Registering precompiled user dll's ...
Registered in 0.000912 seconds.
Begin MonoManager ReloadAssembly
Native extension for WindowsStandalone target not found
Native extension for WebGL target not found
Refreshing native plugins compatible for Editor in 0.46 ms, found 1 plugins.
Preloading 0 native plugins for Editor in 0.00 ms.
Invoked RoslynAnalysisRunner static constructor.
RoslynAnalysisRunner will not be running.
RoslynAnalysisRunner has terminated.
Mono: successfully reloaded assembly
- Completed reload, in  0.743 seconds
Platform modules already initialized, skipping
Refreshing native plugins compatible for Editor in 0.50 ms, found 1 plugins.
Preloading 0 native plugins for Editor in 0.00 ms.
Unloading 2084 Unused Serialized files (Serialized files now loaded: 0)
System memory in use before: 98.4 MB.
System memory in use after: 98.5 MB.

Unloading 7 unused Assets to reduce memory usage. Loaded Objects now: 2605.
Total: 2.239000 ms (FindLiveObjects: 0.296600 ms CreateObjectMapping: 0.052000 ms MarkObjects: 1.870500 ms  DeleteObjects: 0.018600 ms)

========================================================================
Received Prepare
Registering precompiled user dll's ...
Registered in 0.000732 seconds.
Begin MonoManager ReloadAssembly
Native extension for WindowsStandalone target not found
Native extension for WebGL target not found
Refreshing native plugins compatible for Editor in 0.48 ms, found 1 plugins.
Preloading 0 native plugins for Editor in 0.00 ms.
Invoked RoslynAnalysisRunner static constructor.
RoslynAnalysisRunner will not be running.
RoslynAnalysisRunner has terminated.
Mono: successfully reloaded assembly
- Completed reload, in  0.730 seconds
Platform modules already initialized, skipping
Refreshing native plugins compatible for Editor in 0.45 ms, found 1 plugins.
Preloading 0 native plugins for Editor in 0.00 ms.
Unloading 2084 Unused Serialized files (Serialized files now loaded: 0)
System memory in use before: 98.4 MB.
System memory in use after: 98.5 MB.

Unloading 7 unused Assets to reduce memory usage. Loaded Objects now: 2608.
Total: 1.997700 ms (FindLiveObjects: 0.237000 ms CreateObjectMapping: 0.045900 ms MarkObjects: 1.690300 ms  DeleteObjects: 0.023000 ms)

========================================================================
Received Prepare
Registering precompiled user dll's ...
Registered in 0.000809 seconds.
Begin MonoManager ReloadAssembly
Native extension for WindowsStandalone target not found
Native extension for WebGL target not found
Refreshing native plugins compatible for Editor in 0.47 ms, found 1 plugins.
Preloading 0 native plugins for Editor in 0.00 ms.
Invoked RoslynAnalysisRunner static constructor.
RoslynAnalysisRunner will not be running.
RoslynAnalysisRunner has terminated.
Mono: successfully reloaded assembly
- Completed reload, in  0.728 seconds
Platform modules already initialized, skipping
Refreshing native plugins compatible for Editor in 0.45 ms, found 1 plugins.
Preloading 0 native plugins for Editor in 0.00 ms.
Unloading 2084 Unused Serialized files (Serialized files now loaded: 0)
System memory in use before: 98.4 MB.
System memory in use after: 98.5 MB.

Unloading 7 unused Assets to reduce memory usage. Loaded Objects now: 2611.
Total: 2.259800 ms (FindLiveObjects: 0.208400 ms CreateObjectMapping: 0.046900 ms MarkObjects: 1.980200 ms  DeleteObjects: 0.022500 ms)

========================================================================
Received Prepare
Registering precompiled user dll's ...
Registered in 0.000880 seconds.
Begin MonoManager ReloadAssembly
Native extension for WindowsStandalone target not found
Native extension for WebGL target not found
Refreshing native plugins compatible for Editor in 0.46 ms, found 1 plugins.
Preloading 0 native plugins for Editor in 0.00 ms.
Invoked RoslynAnalysisRunner static constructor.
RoslynAnalysisRunner will not be running.
RoslynAnalysisRunner has terminated.
Mono: successfully reloaded assembly
- Completed reload, in  0.758 seconds
Platform modules already initialized, skipping
Refreshing native plugins compatible for Editor in 0.46 ms, found 1 plugins.
Preloading 0 native plugins for Editor in 0.00 ms.
Unloading 2084 Unused Serialized files (Serialized files now loaded: 0)
System memory in use before: 98.4 MB.
System memory in use after: 98.6 MB.

Unloading 7 unused Assets to reduce memory usage. Loaded Objects now: 2614.
Total: 2.401200 ms (FindLiveObjects: 0.232700 ms CreateObjectMapping: 0.044200 ms MarkObjects: 2.103600 ms  DeleteObjects: 0.019700 ms)

========================================================================
Received Prepare
Registering precompiled user dll's ...
Registered in 0.000860 seconds.
Begin MonoManager ReloadAssembly
Native extension for WindowsStandalone target not found
Native extension for WebGL target not found
Refreshing native plugins compatible for Editor in 0.52 ms, found 1 plugins.
Preloading 0 native plugins for Editor in 0.00 ms.
Invoked RoslynAnalysisRunner static constructor.
RoslynAnalysisRunner will not be running.
RoslynAnalysisRunner has terminated.
Mono: successfully reloaded assembly
- Completed reload, in  0.763 seconds
Platform modules already initialized, skipping
Refreshing native plugins compatible for Editor in 0.58 ms, found 1 plugins.
Preloading 0 native plugins for Editor in 0.00 ms.
Unloading 2084 Unused Serialized files (Serialized files now loaded: 0)
System memory in use before: 98.4 MB.
System memory in use after: 98.6 MB.

Unloading 7 unused Assets to reduce memory usage. Loaded Objects now: 2617.
Total: 2.138900 ms (FindLiveObjects: 0.235300 ms CreateObjectMapping: 0.048700 ms MarkObjects: 1.831200 ms  DeleteObjects: 0.022300 ms)

========================================================================
Received Prepare
Registering precompiled user dll's ...
Registered in 0.000904 seconds.
Begin MonoManager ReloadAssembly
Native extension for WindowsStandalone target not found
Native extension for WebGL target not found
Refreshing native plugins compatible for Editor in 0.51 ms, found 1 plugins.
Preloading 0 native plugins for Editor in 0.00 ms.
Invoked RoslynAnalysisRunner static constructor.
RoslynAnalysisRunner will not be running.
RoslynAnalysisRunner has terminated.
Mono: successfully reloaded assembly
- Completed reload, in  0.801 seconds
Platform modules already initialized, skipping
Refreshing native plugins compatible for Editor in 0.48 ms, found 1 plugins.
Preloading 0 native plugins for Editor in 0.00 ms.
Unloading 2084 Unused Serialized files (Serialized files now loaded: 0)
System memory in use before: 98.4 MB.
System memory in use after: 98.6 MB.

Unloading 7 unused Assets to reduce memory usage. Loaded Objects now: 2620.
Total: 2.537100 ms (FindLiveObjects: 0.249500 ms CreateObjectMapping: 0.046100 ms MarkObjects: 2.130200 ms  DeleteObjects: 0.110000 ms)

========================================================================
Received Prepare
Registering precompiled user dll's ...
Registered in 0.000722 seconds.
Begin MonoManager ReloadAssembly
Native extension for WindowsStandalone target not found
Native extension for WebGL target not found
Refreshing native plugins compatible for Editor in 0.45 ms, found 1 plugins.
Preloading 0 native plugins for Editor in 0.00 ms.
Invoked RoslynAnalysisRunner static constructor.
RoslynAnalysisRunner will not be running.
RoslynAnalysisRunner has terminated.
Mono: successfully reloaded assembly
- Completed reload, in  0.719 seconds
Platform modules already initialized, skipping
Refreshing native plugins compatible for Editor in 0.43 ms, found 1 plugins.
Preloading 0 native plugins for Editor in 0.00 ms.
Unloading 2084 Unused Serialized files (Serialized files now loaded: 0)
System memory in use before: 98.5 MB.
System memory in use after: 98.6 MB.

Unloading 7 unused Assets to reduce memory usage. Loaded Objects now: 2623.
Total: 2.285400 ms (FindLiveObjects: 0.224800 ms CreateObjectMapping: 0.046700 ms MarkObjects: 1.961100 ms  DeleteObjects: 0.051300 ms)

========================================================================
Received Prepare
Registering precompiled user dll's ...
Registered in 0.000728 seconds.
Begin MonoManager ReloadAssembly
Native extension for WindowsStandalone target not found
Native extension for WebGL target not found
Refreshing native plugins compatible for Editor in 0.51 ms, found 1 plugins.
Preloading 0 native plugins for Editor in 0.00 ms.
Invoked RoslynAnalysisRunner static constructor.
RoslynAnalysisRunner will not be running.
RoslynAnalysisRunner has terminated.
Mono: successfully reloaded assembly
- Completed reload, in  0.723 seconds
Platform modules already initialized, skipping
Refreshing native plugins compatible for Editor in 0.42 ms, found 1 plugins.
Preloading 0 native plugins for Editor in 0.00 ms.
Unloading 2084 Unused Serialized files (Serialized files now loaded: 0)
System memory in use before: 98.5 MB.
System memory in use after: 98.6 MB.

Unloading 7 unused Assets to reduce memory usage. Loaded Objects now: 2626.
Total: 1.942200 ms (FindLiveObjects: 0.207700 ms CreateObjectMapping: 0.045500 ms MarkObjects: 1.669500 ms  DeleteObjects: 0.018100 ms)

========================================================================
Received Prepare
Registering precompiled user dll's ...
Registered in 0.000831 seconds.
Begin MonoManager ReloadAssembly
Native extension for WindowsStandalone target not found
Native extension for WebGL target not found
Refreshing native plugins compatible for Editor in 0.46 ms, found 1 plugins.
Preloading 0 native plugins for Editor in 0.00 ms.
Invoked RoslynAnalysisRunner static constructor.
RoslynAnalysisRunner will not be running.
RoslynAnalysisRunner has terminated.
Mono: successfully reloaded assembly
- Completed reload, in  0.806 seconds
Platform modules already initialized, skipping
Refreshing native plugins compatible for Editor in 0.46 ms, found 1 plugins.
Preloading 0 native plugins for Editor in 0.00 ms.
Unloading 2084 Unused Serialized files (Serialized files now loaded: 0)
System memory in use before: 98.5 MB.
System memory in use after: 98.6 MB.

Unloading 7 unused Assets to reduce memory usage. Loaded Objects now: 2629.
Total: 2.243000 ms (FindLiveObjects: 0.233300 ms CreateObjectMapping: 0.047300 ms MarkObjects: 1.939200 ms  DeleteObjects: 0.022100 ms)

========================================================================
Received Prepare
Registering precompiled user dll's ...
Registered in 0.000692 seconds.
Begin MonoManager ReloadAssembly
Native extension for WindowsStandalone target not found
Native extension for WebGL target not found
Refreshing native plugins compatible for Editor in 0.51 ms, found 1 plugins.
Preloading 0 native plugins for Editor in 0.00 ms.
Invoked RoslynAnalysisRunner static constructor.
RoslynAnalysisRunner will not be running.
RoslynAnalysisRunner has terminated.
Mono: successfully reloaded assembly
- Completed reload, in  0.722 seconds
Platform modules already initialized, skipping
Refreshing native plugins compatible for Editor in 0.46 ms, found 1 plugins.
Preloading 0 native plugins for Editor in 0.00 ms.
Unloading 2084 Unused Serialized files (Serialized files now loaded: 0)
System memory in use before: 98.5 MB.
System memory in use after: 98.6 MB.

Unloading 7 unused Assets to reduce memory usage. Loaded Objects now: 2632.
Total: 2.204900 ms (FindLiveObjects: 0.224100 ms CreateObjectMapping: 0.047600 ms MarkObjects: 1.911700 ms  DeleteObjects: 0.020500 ms)

========================================================================
Received Prepare
Registering precompiled user dll's ...
Registered in 0.000703 seconds.
Begin MonoManager ReloadAssembly
Native extension for WindowsStandalone target not found
Native extension for WebGL target not found
Refreshing native plugins compatible for Editor in 0.44 ms, found 1 plugins.
Preloading 0 native plugins for Editor in 0.00 ms.
Invoked RoslynAnalysisRunner static constructor.
RoslynAnalysisRunner will not be running.
RoslynAnalysisRunner has terminated.
Mono: successfully reloaded assembly
- Completed reload, in  0.709 seconds
Platform modules already initialized, skipping
Refreshing native plugins compatible for Editor in 0.50 ms, found 1 plugins.
Preloading 0 native plugins for Editor in 0.00 ms.
Unloading 2084 Unused Serialized files (Serialized files now loaded: 0)
System memory in use before: 98.5 MB.
System memory in use after: 98.6 MB.

Unloading 7 unused Assets to reduce memory usage. Loaded Objects now: 2635.
Total: 1.926400 ms (FindLiveObjects: 0.236500 ms CreateObjectMapping: 0.047900 ms MarkObjects: 1.625600 ms  DeleteObjects: 0.015400 ms)

========================================================================
Received Prepare
Registering precompiled user dll's ...
Registered in 0.000897 seconds.
Begin MonoManager ReloadAssembly
Native extension for WindowsStandalone target not found
Native extension for WebGL target not found
Refreshing native plugins compatible for Editor in 0.54 ms, found 1 plugins.
Preloading 0 native plugins for Editor in 0.00 ms.
Invoked RoslynAnalysisRunner static constructor.
RoslynAnalysisRunner will not be running.
RoslynAnalysisRunner has terminated.
Mono: successfully reloaded assembly
- Completed reload, in  0.771 seconds
Platform modules already initialized, skipping
Refreshing native plugins compatible for Editor in 0.44 ms, found 1 plugins.
Preloading 0 native plugins for Editor in 0.00 ms.
Unloading 2084 Unused Serialized files (Serialized files now loaded: 0)
System memory in use before: 98.5 MB.
System memory in use after: 98.6 MB.

Unloading 7 unused Assets to reduce memory usage. Loaded Objects now: 2638.
Total: 2.016300 ms (FindLiveObjects: 0.211100 ms CreateObjectMapping: 0.045400 ms MarkObjects: 1.736900 ms  DeleteObjects: 0.021600 ms)

AssetImportWorkerClient::OnTransportError - code=2 error=End of file
